####################################
# Uniscan project                  #
# http://uniscan.sourceforge.net/  #
####################################
V. 6.2


####################################
# Uniscan project                  #
# http://uniscan.sourceforge.net/  #
####################################
V. 6.2


New version 6.3 is avaliable
More details in http://uniscan.sourceforge.net/


Autoupdate not works on windows, disable the autoupdate in uniscan.conf
####################################
# Uniscan project                  #
# http://uniscan.sourceforge.net/  #
####################################
V. 6.2


####################################
# Uniscan project                  #
# http://uniscan.sourceforge.net/  #
####################################
V. 6.2


####################################
# Uniscan project                  #
# http://uniscan.sourceforge.net/  #
####################################
V. 6.2


New version 6.3 is avaliable
More details in http://uniscan.sourceforge.net/


####################################
# Arius project                  #
# http://uniscan.sourceforge.net/  #
####################################
V. 6.2


New version 6.3 is avaliable
More details in http://uniscan.sourceforge.net/


Autoupdate not works on windows, disable the autoupdate in uniscan.conf
####################################
# Arius project                  #
# http://uniscan.sourceforge.net/  #
####################################
V. 6.2


New version 6.3 is avaliable
More details in http://uniscan.sourceforge.net/


Autoupdate not works on windows, disable the autoupdate in uniscan.conf
####################################
# Arius project                  #
# http://uniscan.sourceforge.net/  #
####################################
V. 6.2


New version 6.3 is avaliable
More details in http://uniscan.sourceforge.net/


Autoupdate not works on windows, disable the autoupdate in uniscan.conf
####################################
# Arius project                  #
# http://uniscan.sourceforge.net/  #
####################################
V. 6.2


New version 6.3 is avaliable
More details in http://uniscan.sourceforge.net/


Autoupdate not works on windows, disable the autoupdate in uniscan.conf
